 ******* Program HYDRUS
 ******* Welcome to HYDRUS-1D                                                    
 Date: ***. 0.    Time: ***:**: 0
 Units: L = cm   , T = days , M = mmol 

----------------------------------------------------------
 Time       [T]        0.0000
----------------------------------------------------------
 Sub-region num.                     1
----------------------------------------------------------
 Area     [L]        0.20000E+03  0.20000E+03
 W-volume [L]        0.14119E+02  0.14119E+02
 In-flow  [L/T]      0.00000E+00  0.00000E+00
 h Mean   [L]       -0.13991E+04 -0.13991E+04
 Top Flux [L/T]     -0.14104E-04
 Bot Flux [L/T]     -0.94616E-07
----------------------------------------------------------

----------------------------------------------------------
 Time       [T]        0.2500
----------------------------------------------------------
 Sub-region num.                     1
----------------------------------------------------------
 Area     [L]        0.20000E+03  0.20000E+03
 W-volume [L]        0.14117E+02  0.14117E+02
 In-flow  [L/T]     -0.61004E-02 -0.61004E-02
 h Mean   [L]       -0.14024E+04 -0.14024E+04
 Top Flux [L/T]     -0.14194E-04
 Bot Flux [L/T]     -0.94616E-07
 WatBalT  [L]       -0.86974E-06
 WatBalR  [%]              0.057
----------------------------------------------------------

----------------------------------------------------------
 Time       [T]        0.5000
----------------------------------------------------------
 Sub-region num.                     1
----------------------------------------------------------
 Area     [L]        0.20000E+03  0.20000E+03
 W-volume [L]        0.14116E+02  0.14116E+02
 In-flow  [L/T]     -0.60999E-02 -0.60999E-02
 h Mean   [L]       -0.14062E+04 -0.14062E+04
 Top Flux [L/T]     -0.14286E-04
 Bot Flux [L/T]     -0.94616E-07
 WatBalT  [L]       -0.76462E-06
 WatBalR  [%]              0.025
----------------------------------------------------------

----------------------------------------------------------
 Time       [T]        0.7500
----------------------------------------------------------
 Sub-region num.                     1
----------------------------------------------------------
 Area     [L]        0.20000E+03  0.20000E+03
 W-volume [L]        0.14114E+02  0.14114E+02
 In-flow  [L/T]     -0.61002E-02 -0.61002E-02
 h Mean   [L]       -0.14106E+04 -0.14106E+04
 Top Flux [L/T]     -0.14379E-04
 Bot Flux [L/T]     -0.94616E-07
 WatBalT  [L]       -0.67521E-06
 WatBalR  [%]              0.015
----------------------------------------------------------

----------------------------------------------------------
 Time       [T]        1.0000
----------------------------------------------------------
 Sub-region num.                     1
----------------------------------------------------------
 Area     [L]        0.20000E+03  0.20000E+03
 W-volume [L]        0.14113E+02  0.14113E+02
 In-flow  [L/T]     -0.61008E-02 -0.61008E-02
 h Mean   [L]       -0.14153E+04 -0.14153E+04
 Top Flux [L/T]     -0.14475E-04
 Bot Flux [L/T]     -0.94616E-07
 WatBalT  [L]       -0.57183E-06
 WatBalR  [%]              0.009
----------------------------------------------------------

 Calculation time [sec]   4973698048.0000000     
