 ******* Program HYDRUS
 ******* Welcome to HYDRUS-1D                                                    
 Date: ***. 0.    Time: ***:**: 0
 Units: L = cm   , T = days , M = mmol 


 Time:        0.0000


 Node      Depth      Head Moisture       K          C         Flux        Sink         Kappa   v/KsTop   Temp
           [L]        [L]    [-]        [L/T]      [1/L]      [L/T]        [1/T]         [-]      [-]      [C]

   1     0.0000   -1355.279 0.0707   0.8863E-07  0.3833E-05 -0.1410E-04  0.0000E+00      -1  -0.133E-06   20.00
   2    -2.0000   -1856.990 0.0693   0.2337E-07  0.2104E-05 -0.6995E-05  0.7545E-04      -1  -0.659E-07   20.00
   3    -4.0000   -1845.356 0.0693   0.2415E-07  0.2133E-05  0.2150E-06  0.6451E-04      -1   0.203E-08   20.00
   4    -6.0000   -1818.161 0.0694   0.2596E-07  0.2201E-05 -0.1955E-06  0.5571E-04      -1  -0.184E-08   20.00
   5    -8.0000   -1874.887 0.0693   0.2217E-07  0.2059E-05 -0.4371E-06  0.1368E-03      -1  -0.412E-08   20.00
   6   -10.0000   -1888.308 0.0692   0.2128E-07  0.2026E-05 -0.7280E-07  0.4728E-03      -1  -0.686E-09   20.00
   7   -12.0000   -1884.261 0.0692   0.2155E-07  0.2036E-05  0.1464E-07  0.3469E-03      -1   0.138E-09   20.00
   8   -14.0000   -1881.581 0.0692   0.2173E-07  0.2043E-05  0.1712E-08  0.3158E-03      -1   0.161E-10   20.00
   9   -16.0000   -1879.942 0.0692   0.2184E-07  0.2047E-05 -0.2176E-07  0.3364E-03      -1  -0.205E-09   20.00
  10   -18.0000   -1881.577 0.0692   0.2173E-07  0.2043E-05  0.1318E-07  0.6261E-03      -1   0.124E-09   20.00
  11   -20.0000   -1873.580 0.0693   0.2226E-07  0.2063E-05  0.1685E-06  0.2741E-03      -1   0.159E-08   20.00
  12   -22.0000   -1848.118 0.0693   0.2396E-07  0.2126E-05  0.3156E-06  0.1239E-03      -1   0.297E-08   20.00
  13   -24.0000   -1817.297 0.0694   0.2602E-07  0.2203E-05  0.1776E-05  0.1074E-03      -1   0.167E-07   20.00
  14   -26.0000   -1619.623 0.0698   0.3923E-07  0.2696E-05  0.2893E-05  0.6199E-04      -1   0.273E-07   20.00
  15   -28.0000   -1506.907 0.0702   0.5448E-07  0.3093E-05  0.3353E-05  0.3095E-04      -1   0.316E-07   20.00
  16   -30.0000   -1384.420 0.0706   0.8207E-07  0.3691E-05  0.1922E-05  0.7335E-05      -1   0.181E-07   20.00
  17   -32.0000   -1389.028 0.0706   0.8103E-07  0.3668E-05  0.5340E-06  0.7615E-05      -1   0.503E-08   20.00
  18   -34.0000   -1355.485 0.0707   0.8858E-07  0.3832E-05  0.1005E-05  0.3774E-05      -1   0.947E-08   20.00
  19   -36.0000   -1338.612 0.0708   0.9238E-07  0.3914E-05  0.4591E-06  0.1636E-05      -1   0.433E-08   20.00
  20   -38.0000   -1331.346 0.0708   0.9402E-07  0.3950E-05  0.1320E-06  0.7285E-06      -1   0.124E-08   20.00
  21   -40.0000   -1328.951 0.0708   0.9456E-07  0.3962E-05 -0.3186E-07  0.7667E-07      -1  -0.300E-09   20.00
  22   -42.0000   -1328.692 0.0708   0.9462E-07  0.3963E-05 -0.8845E-07  0.1074E-07      -1  -0.834E-09   20.00
  23   -44.0000   -1328.691 0.0708   0.9462E-07  0.3963E-05 -0.9457E-07  0.2073E-08      -1  -0.891E-09   20.00
  24   -46.0000   -1328.690 0.0708   0.9462E-07  0.3963E-05 -0.9462E-07  0.2356E-08      -1  -0.892E-09   20.00
  25   -48.0000   -1328.691 0.0708   0.9462E-07  0.3963E-05 -0.9462E-07  0.2317E-08      -1  -0.892E-09   20.00
  26   -50.0000   -1328.690 0.0708   0.9462E-07  0.3963E-05 -0.9459E-07  0.2548E-08      -1  -0.892E-09   20.00
  27   -52.0000   -1328.690 0.0708   0.9462E-07  0.3963E-05 -0.9462E-07  0.1548E-08      -1  -0.892E-09   20.00
  28   -54.0000   -1328.690 0.0708   0.9462E-07  0.3963E-05 -0.9462E-07  0.0000E+00      -1  -0.892E-09   20.00
  29   -56.0000   -1328.690 0.0708   0.9462E-07  0.3963E-05 -0.9462E-07  0.0000E+00      -1  -0.892E-09   20.00
  30   -58.0000   -1328.690 0.0708   0.9462E-07  0.3963E-05 -0.9462E-07  0.0000E+00      -1  -0.892E-09   20.00
  31   -60.0000   -1328.690 0.0708   0.9462E-07  0.3963E-05 -0.9462E-07  0.0000E+00      -1  -0.892E-09   20.00
  32   -62.0000   -1328.690 0.0708   0.9462E-07  0.3963E-05 -0.9462E-07  0.0000E+00      -1  -0.892E-09   20.00
  33   -64.0000   -1328.690 0.0708   0.9462E-07  0.3963E-05 -0.9462E-07  0.0000E+00      -1  -0.892E-09   20.00
  34   -66.0000   -1328.690 0.0708   0.9462E-07  0.3963E-05 -0.9462E-07  0.0000E+00      -1  -0.892E-09   20.00
  35   -68.0000   -1328.690 0.0708   0.9462E-07  0.3963E-05 -0.9462E-07  0.0000E+00      -1  -0.892E-09   20.00
  36   -70.0000   -1328.690 0.0708   0.9462E-07  0.3963E-05 -0.9462E-07  0.0000E+00      -1  -0.892E-09   20.00
  37   -72.0000   -1328.690 0.0708   0.9462E-07  0.3963E-05 -0.9462E-07  0.0000E+00      -1  -0.892E-09   20.00
  38   -74.0000   -1328.690 0.0708   0.9462E-07  0.3963E-05 -0.9462E-07  0.0000E+00      -1  -0.892E-09   20.00
  39   -76.0000   -1328.690 0.0708   0.9462E-07  0.3963E-05 -0.9462E-07  0.0000E+00      -1  -0.892E-09   20.00
  40   -78.0000   -1328.690 0.0708   0.9462E-07  0.3963E-05 -0.9462E-07  0.0000E+00      -1  -0.892E-09   20.00
  41   -80.0000   -1328.690 0.0708   0.9462E-07  0.3963E-05 -0.9462E-07  0.0000E+00      -1  -0.892E-09   20.00
  42   -82.0000   -1328.690 0.0708   0.9462E-07  0.3963E-05 -0.9462E-07  0.0000E+00      -1  -0.892E-09   20.00
  43   -84.0000   -1328.690 0.0708   0.9462E-07  0.3963E-05 -0.9462E-07  0.0000E+00      -1  -0.892E-09   20.00
  44   -86.0000   -1328.690 0.0708   0.9462E-07  0.3963E-05 -0.9462E-07  0.0000E+00      -1  -0.892E-09   20.00
  45   -88.0000   -1328.690 0.0708   0.9462E-07  0.3963E-05 -0.9462E-07  0.0000E+00      -1  -0.892E-09   20.00
  46   -90.0000   -1328.690 0.0708   0.9462E-07  0.3963E-05 -0.9462E-07  0.0000E+00      -1  -0.892E-09   20.00
  47   -92.0000   -1328.690 0.0708   0.9462E-07  0.3963E-05 -0.9462E-07  0.0000E+00      -1  -0.892E-09   20.00
  48   -94.0000   -1328.690 0.0708   0.9462E-07  0.3963E-05 -0.9462E-07  0.0000E+00      -1  -0.892E-09   20.00
  49   -96.0000   -1328.690 0.0708   0.9462E-07  0.3963E-05 -0.9462E-07  0.0000E+00      -1  -0.892E-09   20.00
  50   -98.0000   -1328.690 0.0708   0.9462E-07  0.3963E-05 -0.9462E-07  0.0000E+00      -1  -0.892E-09   20.00
  51  -100.0000   -1328.690 0.0708   0.9462E-07  0.3963E-05 -0.9462E-07  0.0000E+00      -1  -0.892E-09   20.00
  52  -102.0000   -1328.690 0.0708   0.9462E-07  0.3963E-05 -0.9462E-07  0.0000E+00      -1  -0.892E-09   20.00
  53  -104.0000   -1328.690 0.0708   0.9462E-07  0.3963E-05 -0.9462E-07  0.0000E+00      -1  -0.892E-09   20.00
  54  -106.0000   -1328.690 0.0708   0.9462E-07  0.3963E-05 -0.9462E-07  0.0000E+00      -1  -0.892E-09   20.00
  55  -108.0000   -1328.690 0.0708   0.9462E-07  0.3963E-05 -0.9462E-07  0.0000E+00      -1  -0.892E-09   20.00
  56  -110.0000   -1328.690 0.0708   0.9462E-07  0.3963E-05 -0.9462E-07  0.0000E+00      -1  -0.892E-09   20.00
  57  -112.0000   -1328.690 0.0708   0.9462E-07  0.3963E-05 -0.9462E-07  0.0000E+00      -1  -0.892E-09   20.00
  58  -114.0000   -1328.690 0.0708   0.9462E-07  0.3963E-05 -0.9462E-07  0.0000E+00      -1  -0.892E-09   20.00
  59  -116.0000   -1328.690 0.0708   0.9462E-07  0.3963E-05 -0.9462E-07  0.0000E+00      -1  -0.892E-09   20.00
  60  -118.0000   -1328.690 0.0708   0.9462E-07  0.3963E-05 -0.9462E-07  0.0000E+00      -1  -0.892E-09   20.00
  61  -120.0000   -1328.690 0.0708   0.9462E-07  0.3963E-05 -0.9462E-07  0.0000E+00      -1  -0.892E-09   20.00
  62  -122.0000   -1328.690 0.0708   0.9462E-07  0.3963E-05 -0.9462E-07  0.0000E+00      -1  -0.892E-09   20.00
  63  -124.0000   -1328.690 0.0708   0.9462E-07  0.3963E-05 -0.9462E-07  0.0000E+00      -1  -0.892E-09   20.00
  64  -126.0000   -1328.690 0.0708   0.9462E-07  0.3963E-05 -0.9462E-07  0.0000E+00      -1  -0.892E-09   20.00
  65  -128.0000   -1328.690 0.0708   0.9462E-07  0.3963E-05 -0.9462E-07  0.0000E+00      -1  -0.892E-09   20.00
  66  -130.0000   -1328.690 0.0708   0.9462E-07  0.3963E-05 -0.9462E-07  0.0000E+00      -1  -0.892E-09   20.00
  67  -132.0000   -1328.690 0.0708   0.9462E-07  0.3963E-05 -0.9462E-07  0.0000E+00      -1  -0.892E-09   20.00
  68  -134.0000   -1328.690 0.0708   0.9462E-07  0.3963E-05 -0.9462E-07  0.0000E+00      -1  -0.892E-09   20.00
  69  -136.0000   -1328.690 0.0708   0.9462E-07  0.3963E-05 -0.9462E-07  0.0000E+00      -1  -0.892E-09   20.00
  70  -138.0000   -1328.690 0.0708   0.9462E-07  0.3963E-05 -0.9462E-07  0.0000E+00      -1  -0.892E-09   20.00
  71  -140.0000   -1328.690 0.0708   0.9462E-07  0.3963E-05 -0.9462E-07  0.0000E+00      -1  -0.892E-09   20.00
  72  -142.0000   -1328.690 0.0708   0.9462E-07  0.3963E-05 -0.9462E-07  0.0000E+00      -1  -0.892E-09   20.00
  73  -144.0000   -1328.690 0.0708   0.9462E-07  0.3963E-05 -0.9462E-07  0.0000E+00      -1  -0.892E-09   20.00
  74  -146.0000   -1328.690 0.0708   0.9462E-07  0.3963E-05 -0.9462E-07  0.0000E+00      -1  -0.892E-09   20.00
  75  -148.0000   -1328.690 0.0708   0.9462E-07  0.3963E-05 -0.9462E-07  0.0000E+00      -1  -0.892E-09   20.00
  76  -150.0000   -1328.690 0.0708   0.9462E-07  0.3963E-05 -0.9462E-07  0.0000E+00      -1  -0.892E-09   20.00
  77  -152.0000   -1328.690 0.0708   0.9462E-07  0.3963E-05 -0.9462E-07  0.0000E+00      -1  -0.892E-09   20.00
  78  -154.0000   -1328.690 0.0708   0.9462E-07  0.3963E-05 -0.9462E-07  0.0000E+00      -1  -0.892E-09   20.00
  79  -156.0000   -1328.690 0.0708   0.9462E-07  0.3963E-05 -0.9462E-07  0.0000E+00      -1  -0.892E-09   20.00
  80  -158.0000   -1328.690 0.0708   0.9462E-07  0.3963E-05 -0.9462E-07  0.0000E+00      -1  -0.892E-09   20.00
  81  -160.0000   -1328.690 0.0708   0.9462E-07  0.3963E-05 -0.9462E-07  0.0000E+00      -1  -0.892E-09   20.00
  82  -162.0000   -1328.690 0.0708   0.9462E-07  0.3963E-05 -0.9462E-07  0.0000E+00      -1  -0.892E-09   20.00
  83  -164.0000   -1328.690 0.0708   0.9462E-07  0.3963E-05 -0.9462E-07  0.0000E+00      -1  -0.892E-09   20.00
  84  -166.0000   -1328.690 0.0708   0.9462E-07  0.3963E-05 -0.9462E-07  0.0000E+00      -1  -0.892E-09   20.00
  85  -168.0000   -1328.690 0.0708   0.9462E-07  0.3963E-05 -0.9462E-07  0.0000E+00      -1  -0.892E-09   20.00
  86  -170.0000   -1328.690 0.0708   0.9462E-07  0.3963E-05 -0.9462E-07  0.0000E+00      -1  -0.892E-09   20.00
  87  -172.0000   -1328.690 0.0708   0.9462E-07  0.3963E-05 -0.9462E-07  0.0000E+00      -1  -0.892E-09   20.00
  88  -174.0000   -1328.690 0.0708   0.9462E-07  0.3963E-05 -0.9462E-07  0.0000E+00      -1  -0.892E-09   20.00
  89  -176.0000   -1328.690 0.0708   0.9462E-07  0.3963E-05 -0.9462E-07  0.0000E+00      -1  -0.892E-09   20.00
  90  -178.0000   -1328.690 0.0708   0.9462E-07  0.3963E-05 -0.9462E-07  0.0000E+00      -1  -0.892E-09   20.00
  91  -180.0000   -1328.690 0.0708   0.9462E-07  0.3963E-05 -0.9462E-07  0.0000E+00      -1  -0.892E-09   20.00
  92  -182.0000   -1328.690 0.0708   0.9462E-07  0.3963E-05 -0.9462E-07  0.0000E+00      -1  -0.892E-09   20.00
  93  -184.0000   -1328.690 0.0708   0.9462E-07  0.3963E-05 -0.9462E-07  0.0000E+00      -1  -0.892E-09   20.00
  94  -186.0000   -1328.690 0.0708   0.9462E-07  0.3963E-05 -0.9462E-07  0.0000E+00      -1  -0.892E-09   20.00
  95  -188.0000   -1328.690 0.0708   0.9462E-07  0.3963E-05 -0.9462E-07  0.0000E+00      -1  -0.892E-09   20.00
  96  -190.0000   -1328.690 0.0708   0.9462E-07  0.3963E-05 -0.9462E-07  0.0000E+00      -1  -0.892E-09   20.00
  97  -192.0000   -1328.690 0.0708   0.9462E-07  0.3963E-05 -0.9462E-07  0.0000E+00      -1  -0.892E-09   20.00
  98  -194.0000   -1328.690 0.0708   0.9462E-07  0.3963E-05 -0.9462E-07  0.0000E+00      -1  -0.892E-09   20.00
  99  -196.0000   -1328.690 0.0708   0.9462E-07  0.3963E-05 -0.9462E-07  0.0000E+00      -1  -0.892E-09   20.00
 100  -198.0000   -1328.690 0.0708   0.9462E-07  0.3963E-05 -0.9462E-07  0.0000E+00      -1  -0.892E-09   20.00
 101  -200.0000   -1328.690 0.0708   0.9462E-07  0.3963E-05 -0.9462E-07  0.0000E+00      -1  -0.892E-09   20.00
end


 Time:        0.2500


 Node      Depth      Head Moisture       K          C         Flux        Sink         Kappa   v/KsTop   Temp
           [L]        [L]    [-]        [L/T]      [1/L]      [L/T]        [1/T]         [-]      [-]      [C]

   1     0.0000   -1356.270 0.0707   0.8841E-07  0.3828E-05 -0.1168E-07  0.0000E+00      -1  -0.110E-09   20.00
   2    -2.0000   -1864.534 0.0693   0.2286E-07  0.2085E-05 -0.7039E-05  0.7724E-04      -1  -0.663E-07   20.00
   3    -4.0000   -1852.465 0.0693   0.2367E-07  0.2115E-05  0.2191E-06  0.6606E-04      -1   0.207E-08   20.00
   4    -6.0000   -1824.366 0.0694   0.2555E-07  0.2185E-05 -0.2339E-06  0.5705E-04      -1  -0.220E-08   20.00
   5    -8.0000   -1889.912 0.0692   0.2117E-07  0.2022E-05 -0.6468E-06  0.1393E-03      -1  -0.610E-08   20.00
   6   -10.0000   -1939.660 0.0691   0.1785E-07  0.1898E-05 -0.1809E-06  0.4683E-03      -1  -0.170E-08   20.00
   7   -12.0000   -1922.144 0.0692   0.1902E-07  0.1942E-05  0.9090E-07  0.3472E-03      -1   0.857E-09   20.00
   8   -14.0000   -1916.105 0.0692   0.1942E-07  0.1957E-05  0.6825E-08  0.3169E-03      -1   0.643E-10   20.00
   9   -16.0000   -1916.699 0.0692   0.1938E-07  0.1955E-05 -0.1704E-06  0.3370E-03      -1  -0.161E-08   20.00
  10   -18.0000   -1949.211 0.0691   0.1721E-07  0.1874E-05  0.4644E-07  0.6123E-03      -1   0.438E-09   20.00
  11   -20.0000   -1903.589 0.0692   0.2026E-07  0.1988E-05  0.4199E-06  0.2760E-03      -1   0.396E-08   20.00
  12   -22.0000   -1861.761 0.0693   0.2305E-07  0.2092E-05  0.4015E-06  0.1263E-03      -1   0.378E-08   20.00
  13   -24.0000   -1828.970 0.0694   0.2524E-07  0.2174E-05  0.1790E-05  0.1096E-03      -1   0.169E-07   20.00
  14   -26.0000   -1626.479 0.0698   0.3877E-07  0.2678E-05  0.2943E-05  0.6328E-04      -1   0.277E-07   20.00
  15   -28.0000   -1509.052 0.0702   0.5400E-07  0.3083E-05  0.3410E-05  0.3164E-04      -1   0.321E-07   20.00
  16   -30.0000   -1385.098 0.0706   0.8191E-07  0.3688E-05  0.1941E-05  0.7494E-05      -1   0.183E-07   20.00
  17   -32.0000   -1389.515 0.0706   0.8092E-07  0.3666E-05  0.5415E-06  0.7782E-05      -1   0.510E-08   20.00
  18   -34.0000   -1355.781 0.0707   0.8852E-07  0.3831E-05  0.1012E-05  0.3855E-05      -1   0.954E-08   20.00
  19   -36.0000   -1338.742 0.0708   0.9235E-07  0.3914E-05  0.4643E-06  0.1671E-05      -1   0.438E-08   20.00
  20   -38.0000   -1331.405 0.0708   0.9400E-07  0.3950E-05  0.1349E-06  0.7442E-06      -1   0.127E-08   20.00
  21   -40.0000   -1328.958 0.0708   0.9456E-07  0.3962E-05 -0.3048E-07  0.7832E-07      -1  -0.287E-09   20.00
  22   -42.0000   -1328.693 0.0708   0.9462E-07  0.3963E-05 -0.8829E-07  0.1097E-07      -1  -0.832E-09   20.00
  23   -44.0000   -1328.691 0.0708   0.9462E-07  0.3963E-05 -0.9455E-07  0.2117E-08      -1  -0.891E-09   20.00
  24   -46.0000   -1328.690 0.0708   0.9462E-07  0.3963E-05 -0.9460E-07  0.2407E-08      -1  -0.892E-09   20.00
  25   -48.0000   -1328.690 0.0708   0.9462E-07  0.3963E-05 -0.9462E-07  0.2367E-08      -1  -0.892E-09   20.00
  26   -50.0000   -1328.690 0.0708   0.9462E-07  0.3963E-05 -0.9462E-07  0.2603E-08      -1  -0.892E-09   20.00
  27   -52.0000   -1328.691 0.0708   0.9462E-07  0.3963E-05 -0.9463E-07  0.1582E-08      -1  -0.892E-09   20.00
  28   -54.0000   -1328.691 0.0708   0.9462E-07  0.3963E-05 -0.9460E-07  0.0000E+00      -1  -0.892E-09   20.00
  29   -56.0000   -1328.690 0.0708   0.9462E-07  0.3963E-05 -0.9459E-07  0.0000E+00      -1  -0.892E-09   20.00
  30   -58.0000   -1328.690 0.0708   0.9462E-07  0.3963E-05 -0.9461E-07  0.0000E+00      -1  -0.892E-09   20.00
  31   -60.0000   -1328.690 0.0708   0.9462E-07  0.3963E-05 -0.9462E-07  0.0000E+00      -1  -0.892E-09   20.00
  32   -62.0000   -1328.690 0.0708   0.9462E-07  0.3963E-05 -0.9462E-07  0.0000E+00      -1  -0.892E-09   20.00
  33   -64.0000   -1328.690 0.0708   0.9462E-07  0.3963E-05 -0.9462E-07  0.0000E+00      -1  -0.892E-09   20.00
  34   -66.0000   -1328.690 0.0708   0.9462E-07  0.3963E-05 -0.9462E-07  0.0000E+00      -1  -0.892E-09   20.00
  35   -68.0000   -1328.690 0.0708   0.9462E-07  0.3963E-05 -0.9462E-07  0.0000E+00      -1  -0.892E-09   20.00
  36   -70.0000   -1328.690 0.0708   0.9462E-07  0.3963E-05 -0.9462E-07  0.0000E+00      -1  -0.892E-09   20.00
  37   -72.0000   -1328.690 0.0708   0.9462E-07  0.3963E-05 -0.9462E-07  0.0000E+00      -1  -0.892E-09   20.00
  38   -74.0000   -1328.690 0.0708   0.9462E-07  0.3963E-05 -0.9462E-07  0.0000E+00      -1  -0.892E-09   20.00
  39   -76.0000   -1328.690 0.0708   0.9462E-07  0.3963E-05 -0.9462E-07  0.0000E+00      -1  -0.892E-09   20.00
  40   -78.0000   -1328.690 0.0708   0.9462E-07  0.3963E-05 -0.9462E-07  0.0000E+00      -1  -0.892E-09   20.00
  41   -80.0000   -1328.690 0.0708   0.9462E-07  0.3963E-05 -0.9462E-07  0.0000E+00      -1  -0.892E-09   20.00
  42   -82.0000   -1328.690 0.0708   0.9462E-07  0.3963E-05 -0.9462E-07  0.0000E+00      -1  -0.892E-09   20.00
  43   -84.0000   -1328.690 0.0708   0.9462E-07  0.3963E-05 -0.9462E-07  0.0000E+00      -1  -0.892E-09   20.00
  44   -86.0000   -1328.690 0.0708   0.9462E-07  0.3963E-05 -0.9462E-07  0.0000E+00      -1  -0.892E-09   20.00
  45   -88.0000   -1328.690 0.0708   0.9462E-07  0.3963E-05 -0.9462E-07  0.0000E+00      -1  -0.892E-09   20.00
  46   -90.0000   -1328.690 0.0708   0.9462E-07  0.3963E-05 -0.9462E-07  0.0000E+00      -1  -0.892E-09   20.00
  47   -92.0000   -1328.690 0.0708   0.9462E-07  0.3963E-05 -0.9462E-07  0.0000E+00      -1  -0.892E-09   20.00
  48   -94.0000   -1328.690 0.0708   0.9462E-07  0.3963E-05 -0.9462E-07  0.0000E+00      -1  -0.892E-09   20.00
  49   -96.0000   -1328.690 0.0708   0.9462E-07  0.3963E-05 -0.9462E-07  0.0000E+00      -1  -0.892E-09   20.00
  50   -98.0000   -1328.690 0.0708   0.9462E-07  0.3963E-05 -0.9462E-07  0.0000E+00      -1  -0.892E-09   20.00
  51  -100.0000   -1328.690 0.0708   0.9462E-07  0.3963E-05 -0.9462E-07  0.0000E+00      -1  -0.892E-09   20.00
  52  -102.0000   -1328.690 0.0708   0.9462E-07  0.3963E-05 -0.9462E-07  0.0000E+00      -1  -0.892E-09   20.00
  53  -104.0000   -1328.690 0.0708   0.9462E-07  0.3963E-05 -0.9462E-07  0.0000E+00      -1  -0.892E-09   20.00
  54  -106.0000   -1328.690 0.0708   0.9462E-07  0.3963E-05 -0.9462E-07  0.0000E+00      -1  -0.892E-09   20.00
  55  -108.0000   -1328.690 0.0708   0.9462E-07  0.3963E-05 -0.9462E-07  0.0000E+00      -1  -0.892E-09   20.00
  56  -110.0000   -1328.690 0.0708   0.9462E-07  0.3963E-05 -0.9462E-07  0.0000E+00      -1  -0.892E-09   20.00
  57  -112.0000   -1328.690 0.0708   0.9462E-07  0.3963E-05 -0.9462E-07  0.0000E+00      -1  -0.892E-09   20.00
  58  -114.0000   -1328.690 0.0708   0.9462E-07  0.3963E-05 -0.9462E-07  0.0000E+00      -1  -0.892E-09   20.00
  59  -116.0000   -1328.690 0.0708   0.9462E-07  0.3963E-05 -0.9462E-07  0.0000E+00      -1  -0.892E-09   20.00
  60  -118.0000   -1328.690 0.0708   0.9462E-07  0.3963E-05 -0.9462E-07  0.0000E+00      -1  -0.892E-09   20.00
  61  -120.0000   -1328.690 0.0708   0.9462E-07  0.3963E-05 -0.9462E-07  0.0000E+00      -1  -0.892E-09   20.00
  62  -122.0000   -1328.690 0.0708   0.9462E-07  0.3963E-05 -0.9462E-07  0.0000E+00      -1  -0.892E-09   20.00
  63  -124.0000   -1328.690 0.0708   0.9462E-07  0.3963E-05 -0.9462E-07  0.0000E+00      -1  -0.892E-09   20.00
  64  -126.0000   -1328.690 0.0708   0.9462E-07  0.3963E-05 -0.9462E-07  0.0000E+00      -1  -0.892E-09   20.00
  65  -128.0000   -1328.690 0.0708   0.9462E-07  0.3963E-05 -0.9462E-07  0.0000E+00      -1  -0.892E-09   20.00
  66  -130.0000   -1328.690 0.0708   0.9462E-07  0.3963E-05 -0.9462E-07  0.0000E+00      -1  -0.892E-09   20.00
  67  -132.0000   -1328.690 0.0708   0.9462E-07  0.3963E-05 -0.9462E-07  0.0000E+00      -1  -0.892E-09   20.00
  68  -134.0000   -1328.690 0.0708   0.9462E-07  0.3963E-05 -0.9462E-07  0.0000E+00      -1  -0.892E-09   20.00
  69  -136.0000   -1328.690 0.0708   0.9462E-07  0.3963E-05 -0.9462E-07  0.0000E+00      -1  -0.892E-09   20.00
  70  -138.0000   -1328.690 0.0708   0.9462E-07  0.3963E-05 -0.9462E-07  0.0000E+00      -1  -0.892E-09   20.00
  71  -140.0000   -1328.690 0.0708   0.9462E-07  0.3963E-05 -0.9462E-07  0.0000E+00      -1  -0.892E-09   20.00
  72  -142.0000   -1328.690 0.0708   0.9462E-07  0.3963E-05 -0.9462E-07  0.0000E+00      -1  -0.892E-09   20.00
  73  -144.0000   -1328.690 0.0708   0.9462E-07  0.3963E-05 -0.9462E-07  0.0000E+00      -1  -0.892E-09   20.00
  74  -146.0000   -1328.690 0.0708   0.9462E-07  0.3963E-05 -0.9462E-07  0.0000E+00      -1  -0.892E-09   20.00
  75  -148.0000   -1328.690 0.0708   0.9462E-07  0.3963E-05 -0.9462E-07  0.0000E+00      -1  -0.892E-09   20.00
  76  -150.0000   -1328.690 0.0708   0.9462E-07  0.3963E-05 -0.9462E-07  0.0000E+00      -1  -0.892E-09   20.00
  77  -152.0000   -1328.690 0.0708   0.9462E-07  0.3963E-05 -0.9462E-07  0.0000E+00      -1  -0.892E-09   20.00
  78  -154.0000   -1328.690 0.0708   0.9462E-07  0.3963E-05 -0.9462E-07  0.0000E+00      -1  -0.892E-09   20.00
  79  -156.0000   -1328.690 0.0708   0.9462E-07  0.3963E-05 -0.9462E-07  0.0000E+00      -1  -0.892E-09   20.00
  80  -158.0000   -1328.690 0.0708   0.9462E-07  0.3963E-05 -0.9462E-07  0.0000E+00      -1  -0.892E-09   20.00
  81  -160.0000   -1328.690 0.0708   0.9462E-07  0.3963E-05 -0.9462E-07  0.0000E+00      -1  -0.892E-09   20.00
  82  -162.0000   -1328.690 0.0708   0.9462E-07  0.3963E-05 -0.9462E-07  0.0000E+00      -1  -0.892E-09   20.00
  83  -164.0000   -1328.690 0.0708   0.9462E-07  0.3963E-05 -0.9462E-07  0.0000E+00      -1  -0.892E-09   20.00
  84  -166.0000   -1328.690 0.0708   0.9462E-07  0.3963E-05 -0.9462E-07  0.0000E+00      -1  -0.892E-09   20.00
  85  -168.0000   -1328.690 0.0708   0.9462E-07  0.3963E-05 -0.9462E-07  0.0000E+00      -1  -0.892E-09   20.00
  86  -170.0000   -1328.690 0.0708   0.9462E-07  0.3963E-05 -0.9462E-07  0.0000E+00      -1  -0.892E-09   20.00
  87  -172.0000   -1328.690 0.0708   0.9462E-07  0.3963E-05 -0.9462E-07  0.0000E+00      -1  -0.892E-09   20.00
  88  -174.0000   -1328.690 0.0708   0.9462E-07  0.3963E-05 -0.9462E-07  0.0000E+00      -1  -0.892E-09   20.00
  89  -176.0000   -1328.690 0.0708   0.9462E-07  0.3963E-05 -0.9462E-07  0.0000E+00      -1  -0.892E-09   20.00
  90  -178.0000   -1328.690 0.0708   0.9462E-07  0.3963E-05 -0.9462E-07  0.0000E+00      -1  -0.892E-09   20.00
  91  -180.0000   -1328.690 0.0708   0.9462E-07  0.3963E-05 -0.9462E-07  0.0000E+00      -1  -0.892E-09   20.00
  92  -182.0000   -1328.690 0.0708   0.9462E-07  0.3963E-05 -0.9462E-07  0.0000E+00      -1  -0.892E-09   20.00
  93  -184.0000   -1328.690 0.0708   0.9462E-07  0.3963E-05 -0.9462E-07  0.0000E+00      -1  -0.892E-09   20.00
  94  -186.0000   -1328.690 0.0708   0.9462E-07  0.3963E-05 -0.9462E-07  0.0000E+00      -1  -0.892E-09   20.00
  95  -188.0000   -1328.690 0.0708   0.9462E-07  0.3963E-05 -0.9462E-07  0.0000E+00      -1  -0.892E-09   20.00
  96  -190.0000   -1328.690 0.0708   0.9462E-07  0.3963E-05 -0.9462E-07  0.0000E+00      -1  -0.892E-09   20.00
  97  -192.0000   -1328.690 0.0708   0.9462E-07  0.3963E-05 -0.9462E-07  0.0000E+00      -1  -0.892E-09   20.00
  98  -194.0000   -1328.690 0.0708   0.9462E-07  0.3963E-05 -0.9462E-07  0.0000E+00      -1  -0.892E-09   20.00
  99  -196.0000   -1328.690 0.0708   0.9462E-07  0.3963E-05 -0.9462E-07  0.0000E+00      -1  -0.892E-09   20.00
 100  -198.0000   -1328.690 0.0708   0.9462E-07  0.3963E-05 -0.9462E-07  0.0000E+00      -1  -0.892E-09   20.00
 101  -200.0000   -1328.690 0.0708   0.9462E-07  0.3963E-05 -0.9462E-07  0.0000E+00      -1  -0.892E-09   20.00
end


 Time:        0.5000


 Node      Depth      Head Moisture       K          C         Flux        Sink         Kappa   v/KsTop   Temp
           [L]        [L]    [-]        [L/T]      [1/L]      [L/T]        [1/T]         [-]      [-]      [C]

   1     0.0000   -1357.273 0.0707   0.8818E-07  0.3823E-05  0.1954E-07  0.0000E+00      -1   0.184E-09   20.00
   2    -2.0000   -1872.270 0.0693   0.2235E-07  0.2066E-05 -0.7083E-05  0.7948E-04      -1  -0.668E-07   20.00
   3    -4.0000   -1859.740 0.0693   0.2319E-07  0.2097E-05  0.2231E-06  0.6798E-04      -1   0.210E-08   20.00
   4    -6.0000   -1830.725 0.0694   0.2512E-07  0.2169E-05 -0.2698E-06  0.5872E-04      -1  -0.254E-08   20.00
   5    -8.0000   -1905.240 0.0692   0.2015E-07  0.1984E-05 -0.8886E-06  0.1426E-03      -1  -0.838E-08   20.00
   6   -10.0000   -2005.672 0.0690   0.1544E-07  0.1785E-05 -0.2819E-06  0.4615E-03      -1  -0.266E-08   20.00
   7   -12.0000   -1960.135 0.0691   0.1648E-07  0.1847E-05  0.2044E-06  0.3497E-03      -1   0.193E-08   20.00
   8   -14.0000   -1950.809 0.0691   0.1710E-07  0.1870E-05  0.1039E-07  0.3200E-03      -1   0.979E-10   20.00
   9   -16.0000   -1953.598 0.0691   0.1691E-07  0.1863E-05 -0.3844E-06  0.3397E-03      -1  -0.362E-08   20.00
  10   -18.0000   -2043.757 0.0689   0.1468E-07  0.1737E-05  0.7998E-07  0.5893E-03      -1   0.754E-09   20.00
  11   -20.0000   -1933.852 0.0691   0.1823E-07  0.1912E-05  0.7273E-06  0.2796E-03      -1   0.686E-08   20.00
  12   -22.0000   -1875.680 0.0693   0.2212E-07  0.2057E-05  0.4742E-06  0.1294E-03      -1   0.447E-08   20.00
  13   -24.0000   -1840.895 0.0693   0.2444E-07  0.2144E-05  0.1802E-05  0.1124E-03      -1   0.170E-07   20.00
  14   -26.0000   -1633.472 0.0698   0.3830E-07  0.2661E-05  0.2991E-05  0.6490E-04      -1   0.282E-07   20.00
  15   -28.0000   -1511.250 0.0701   0.5350E-07  0.3072E-05  0.3467E-05  0.3248E-04      -1   0.327E-07   20.00
  16   -30.0000   -1385.787 0.0706   0.8176E-07  0.3684E-05  0.1961E-05  0.7686E-05      -1   0.185E-07   20.00
  17   -32.0000   -1390.011 0.0706   0.8081E-07  0.3664E-05  0.5492E-06  0.7983E-05      -1   0.518E-08   20.00
  18   -34.0000   -1356.074 0.0707   0.8845E-07  0.3829E-05  0.1019E-05  0.3953E-05      -1   0.960E-08   20.00
  19   -36.0000   -1338.879 0.0708   0.9232E-07  0.3913E-05  0.4694E-06  0.1713E-05      -1   0.442E-08   20.00
  20   -38.0000   -1331.469 0.0708   0.9399E-07  0.3949E-05  0.1378E-06  0.7630E-06      -1   0.130E-08   20.00
  21   -40.0000   -1328.968 0.0708   0.9455E-07  0.3961E-05 -0.2901E-07  0.8031E-07      -1  -0.273E-09   20.00
  22   -42.0000   -1328.693 0.0708   0.9462E-07  0.3963E-05 -0.8804E-07  0.1125E-07      -1  -0.830E-09   20.00
  23   -44.0000   -1328.691 0.0708   0.9462E-07  0.3963E-05 -0.9452E-07  0.2171E-08      -1  -0.891E-09   20.00
  24   -46.0000   -1328.690 0.0708   0.9462E-07  0.3963E-05 -0.9460E-07  0.2468E-08      -1  -0.892E-09   20.00
  25   -48.0000   -1328.690 0.0708   0.9462E-07  0.3963E-05 -0.9462E-07  0.2427E-08      -1  -0.892E-09   20.00
  26   -50.0000   -1328.690 0.0708   0.9462E-07  0.3963E-05 -0.9465E-07  0.2669E-08      -1  -0.892E-09   20.00
  27   -52.0000   -1328.691 0.0708   0.9462E-07  0.3963E-05 -0.9462E-07  0.1622E-08      -1  -0.892E-09   20.00
  28   -54.0000   -1328.690 0.0708   0.9462E-07  0.3963E-05 -0.9460E-07  0.0000E+00      -1  -0.892E-09   20.00
  29   -56.0000   -1328.691 0.0708   0.9462E-07  0.3963E-05 -0.9462E-07  0.0000E+00      -1  -0.892E-09   20.00
  30   -58.0000   -1328.690 0.0708   0.9462E-07  0.3963E-05 -0.9460E-07  0.0000E+00      -1  -0.892E-09   20.00
  31   -60.0000   -1328.690 0.0708   0.9462E-07  0.3963E-05 -0.9462E-07  0.0000E+00      -1  -0.892E-09   20.00
  32   -62.0000   -1328.690 0.0708   0.9462E-07  0.3963E-05 -0.9462E-07  0.0000E+00      -1  -0.892E-09   20.00
  33   -64.0000   -1328.690 0.0708   0.9462E-07  0.3963E-05 -0.9462E-07  0.0000E+00      -1  -0.892E-09   20.00
  34   -66.0000   -1328.690 0.0708   0.9462E-07  0.3963E-05 -0.9462E-07  0.0000E+00      -1  -0.892E-09   20.00
  35   -68.0000   -1328.690 0.0708   0.9462E-07  0.3963E-05 -0.9462E-07  0.0000E+00      -1  -0.892E-09   20.00
  36   -70.0000   -1328.690 0.0708   0.9462E-07  0.3963E-05 -0.9462E-07  0.0000E+00      -1  -0.892E-09   20.00
  37   -72.0000   -1328.690 0.0708   0.9462E-07  0.3963E-05 -0.9462E-07  0.0000E+00      -1  -0.892E-09   20.00
  38   -74.0000   -1328.690 0.0708   0.9462E-07  0.3963E-05 -0.9462E-07  0.0000E+00      -1  -0.892E-09   20.00
  39   -76.0000   -1328.690 0.0708   0.9462E-07  0.3963E-05 -0.9462E-07  0.0000E+00      -1  -0.892E-09   20.00
  40   -78.0000   -1328.690 0.0708   0.9462E-07  0.3963E-05 -0.9462E-07  0.0000E+00      -1  -0.892E-09   20.00
  41   -80.0000   -1328.690 0.0708   0.9462E-07  0.3963E-05 -0.9462E-07  0.0000E+00      -1  -0.892E-09   20.00
  42   -82.0000   -1328.690 0.0708   0.9462E-07  0.3963E-05 -0.9462E-07  0.0000E+00      -1  -0.892E-09   20.00
  43   -84.0000   -1328.690 0.0708   0.9462E-07  0.3963E-05 -0.9462E-07  0.0000E+00      -1  -0.892E-09   20.00
  44   -86.0000   -1328.690 0.0708   0.9462E-07  0.3963E-05 -0.9462E-07  0.0000E+00      -1  -0.892E-09   20.00
  45   -88.0000   -1328.690 0.0708   0.9462E-07  0.3963E-05 -0.9462E-07  0.0000E+00      -1  -0.892E-09   20.00
  46   -90.0000   -1328.690 0.0708   0.9462E-07  0.3963E-05 -0.9462E-07  0.0000E+00      -1  -0.892E-09   20.00
  47   -92.0000   -1328.690 0.0708   0.9462E-07  0.3963E-05 -0.9462E-07  0.0000E+00      -1  -0.892E-09   20.00
  48   -94.0000   -1328.690 0.0708   0.9462E-07  0.3963E-05 -0.9462E-07  0.0000E+00      -1  -0.892E-09   20.00
  49   -96.0000   -1328.690 0.0708   0.9462E-07  0.3963E-05 -0.9462E-07  0.0000E+00      -1  -0.892E-09   20.00
  50   -98.0000   -1328.690 0.0708   0.9462E-07  0.3963E-05 -0.9462E-07  0.0000E+00      -1  -0.892E-09   20.00
  51  -100.0000   -1328.690 0.0708   0.9462E-07  0.3963E-05 -0.9462E-07  0.0000E+00      -1  -0.892E-09   20.00
  52  -102.0000   -1328.690 0.0708   0.9462E-07  0.3963E-05 -0.9462E-07  0.0000E+00      -1  -0.892E-09   20.00
  53  -104.0000   -1328.690 0.0708   0.9462E-07  0.3963E-05 -0.9462E-07  0.0000E+00      -1  -0.892E-09   20.00
  54  -106.0000   -1328.690 0.0708   0.9462E-07  0.3963E-05 -0.9462E-07  0.0000E+00      -1  -0.892E-09   20.00
  55  -108.0000   -1328.690 0.0708   0.9462E-07  0.3963E-05 -0.9462E-07  0.0000E+00      -1  -0.892E-09   20.00
  56  -110.0000   -1328.690 0.0708   0.9462E-07  0.3963E-05 -0.9462E-07  0.0000E+00      -1  -0.892E-09   20.00
  57  -112.0000   -1328.690 0.0708   0.9462E-07  0.3963E-05 -0.9462E-07  0.0000E+00      -1  -0.892E-09   20.00
  58  -114.0000   -1328.690 0.0708   0.9462E-07  0.3963E-05 -0.9462E-07  0.0000E+00      -1  -0.892E-09   20.00
  59  -116.0000   -1328.690 0.0708   0.9462E-07  0.3963E-05 -0.9462E-07  0.0000E+00      -1  -0.892E-09   20.00
  60  -118.0000   -1328.690 0.0708   0.9462E-07  0.3963E-05 -0.9462E-07  0.0000E+00      -1  -0.892E-09   20.00
  61  -120.0000   -1328.690 0.0708   0.9462E-07  0.3963E-05 -0.9462E-07  0.0000E+00      -1  -0.892E-09   20.00
  62  -122.0000   -1328.690 0.0708   0.9462E-07  0.3963E-05 -0.9462E-07  0.0000E+00      -1  -0.892E-09   20.00
  63  -124.0000   -1328.690 0.0708   0.9462E-07  0.3963E-05 -0.9462E-07  0.0000E+00      -1  -0.892E-09   20.00
  64  -126.0000   -1328.690 0.0708   0.9462E-07  0.3963E-05 -0.9462E-07  0.0000E+00      -1  -0.892E-09   20.00
  65  -128.0000   -1328.690 0.0708   0.9462E-07  0.3963E-05 -0.9462E-07  0.0000E+00      -1  -0.892E-09   20.00
  66  -130.0000   -1328.690 0.0708   0.9462E-07  0.3963E-05 -0.9462E-07  0.0000E+00      -1  -0.892E-09   20.00
  67  -132.0000   -1328.690 0.0708   0.9462E-07  0.3963E-05 -0.9462E-07  0.0000E+00      -1  -0.892E-09   20.00
  68  -134.0000   -1328.690 0.0708   0.9462E-07  0.3963E-05 -0.9462E-07  0.0000E+00      -1  -0.892E-09   20.00
  69  -136.0000   -1328.690 0.0708   0.9462E-07  0.3963E-05 -0.9462E-07  0.0000E+00      -1  -0.892E-09   20.00
  70  -138.0000   -1328.690 0.0708   0.9462E-07  0.3963E-05 -0.9462E-07  0.0000E+00      -1  -0.892E-09   20.00
  71  -140.0000   -1328.690 0.0708   0.9462E-07  0.3963E-05 -0.9462E-07  0.0000E+00      -1  -0.892E-09   20.00
  72  -142.0000   -1328.690 0.0708   0.9462E-07  0.3963E-05 -0.9462E-07  0.0000E+00      -1  -0.892E-09   20.00
  73  -144.0000   -1328.690 0.0708   0.9462E-07  0.3963E-05 -0.9462E-07  0.0000E+00      -1  -0.892E-09   20.00
  74  -146.0000   -1328.690 0.0708   0.9462E-07  0.3963E-05 -0.9462E-07  0.0000E+00      -1  -0.892E-09   20.00
  75  -148.0000   -1328.690 0.0708   0.9462E-07  0.3963E-05 -0.9462E-07  0.0000E+00      -1  -0.892E-09   20.00
  76  -150.0000   -1328.690 0.0708   0.9462E-07  0.3963E-05 -0.9462E-07  0.0000E+00      -1  -0.892E-09   20.00
  77  -152.0000   -1328.690 0.0708   0.9462E-07  0.3963E-05 -0.9462E-07  0.0000E+00      -1  -0.892E-09   20.00
  78  -154.0000   -1328.690 0.0708   0.9462E-07  0.3963E-05 -0.9462E-07  0.0000E+00      -1  -0.892E-09   20.00
  79  -156.0000   -1328.690 0.0708   0.9462E-07  0.3963E-05 -0.9462E-07  0.0000E+00      -1  -0.892E-09   20.00
  80  -158.0000   -1328.690 0.0708   0.9462E-07  0.3963E-05 -0.9462E-07  0.0000E+00      -1  -0.892E-09   20.00
  81  -160.0000   -1328.690 0.0708   0.9462E-07  0.3963E-05 -0.9462E-07  0.0000E+00      -1  -0.892E-09   20.00
  82  -162.0000   -1328.690 0.0708   0.9462E-07  0.3963E-05 -0.9462E-07  0.0000E+00      -1  -0.892E-09   20.00
  83  -164.0000   -1328.690 0.0708   0.9462E-07  0.3963E-05 -0.9462E-07  0.0000E+00      -1  -0.892E-09   20.00
  84  -166.0000   -1328.690 0.0708   0.9462E-07  0.3963E-05 -0.9462E-07  0.0000E+00      -1  -0.892E-09   20.00
  85  -168.0000   -1328.690 0.0708   0.9462E-07  0.3963E-05 -0.9462E-07  0.0000E+00      -1  -0.892E-09   20.00
  86  -170.0000   -1328.690 0.0708   0.9462E-07  0.3963E-05 -0.9462E-07  0.0000E+00      -1  -0.892E-09   20.00
  87  -172.0000   -1328.690 0.0708   0.9462E-07  0.3963E-05 -0.9462E-07  0.0000E+00      -1  -0.892E-09   20.00
  88  -174.0000   -1328.690 0.0708   0.9462E-07  0.3963E-05 -0.9462E-07  0.0000E+00      -1  -0.892E-09   20.00
  89  -176.0000   -1328.690 0.0708   0.9462E-07  0.3963E-05 -0.9462E-07  0.0000E+00      -1  -0.892E-09   20.00
  90  -178.0000   -1328.690 0.0708   0.9462E-07  0.3963E-05 -0.9462E-07  0.0000E+00      -1  -0.892E-09   20.00
  91  -180.0000   -1328.690 0.0708   0.9462E-07  0.3963E-05 -0.9462E-07  0.0000E+00      -1  -0.892E-09   20.00
  92  -182.0000   -1328.690 0.0708   0.9462E-07  0.3963E-05 -0.9462E-07  0.0000E+00      -1  -0.892E-09   20.00
  93  -184.0000   -1328.690 0.0708   0.9462E-07  0.3963E-05 -0.9462E-07  0.0000E+00      -1  -0.892E-09   20.00
  94  -186.0000   -1328.690 0.0708   0.9462E-07  0.3963E-05 -0.9462E-07  0.0000E+00      -1  -0.892E-09   20.00
  95  -188.0000   -1328.690 0.0708   0.9462E-07  0.3963E-05 -0.9462E-07  0.0000E+00      -1  -0.892E-09   20.00
  96  -190.0000   -1328.690 0.0708   0.9462E-07  0.3963E-05 -0.9462E-07  0.0000E+00      -1  -0.892E-09   20.00
  97  -192.0000   -1328.690 0.0708   0.9462E-07  0.3963E-05 -0.9462E-07  0.0000E+00      -1  -0.892E-09   20.00
  98  -194.0000   -1328.690 0.0708   0.9462E-07  0.3963E-05 -0.9462E-07  0.0000E+00      -1  -0.892E-09   20.00
  99  -196.0000   -1328.690 0.0708   0.9462E-07  0.3963E-05 -0.9462E-07  0.0000E+00      -1  -0.892E-09   20.00
 100  -198.0000   -1328.690 0.0708   0.9462E-07  0.3963E-05 -0.9462E-07  0.0000E+00      -1  -0.892E-09   20.00
 101  -200.0000   -1328.690 0.0708   0.9462E-07  0.3963E-05 -0.9462E-07  0.0000E+00      -1  -0.892E-09   20.00
end


 Time:        0.7500


 Node      Depth      Head Moisture       K          C         Flux        Sink         Kappa   v/KsTop   Temp
           [L]        [L]    [-]        [L/T]      [1/L]      [L/T]        [1/T]         [-]      [-]      [C]

   1     0.0000   -1358.280 0.0707   0.8795E-07  0.3818E-05 -0.7394E-07  0.0000E+00      -1  -0.697E-09   20.00
   2    -2.0000   -1880.270 0.0692   0.2181E-07  0.2046E-05 -0.7128E-05  0.8216E-04      -1  -0.672E-07   20.00
   3    -4.0000   -1867.247 0.0693   0.2268E-07  0.2078E-05  0.2269E-06  0.7028E-04      -1   0.214E-08   20.00
   4    -6.0000   -1837.285 0.0693   0.2469E-07  0.2153E-05 -0.3035E-06  0.6071E-04      -1  -0.286E-08   20.00
   5    -8.0000   -1920.997 0.0692   0.1909E-07  0.1944E-05 -0.1146E-05  0.1468E-03      -1  -0.108E-07   20.00
   6   -10.0000   -2083.112 0.0689   0.1390E-07  0.1687E-05 -0.4464E-06  0.4533E-03      -1  -0.421E-08   20.00
   7   -12.0000   -2017.749 0.0690   0.1520E-07  0.1770E-05  0.2970E-06  0.3491E-03      -1   0.280E-08   20.00
   8   -14.0000   -1998.473 0.0690   0.1558E-07  0.1795E-05  0.2915E-07  0.3218E-03      -1   0.275E-09   20.00
   9   -16.0000   -2006.100 0.0690   0.1543E-07  0.1785E-05 -0.5226E-06  0.3404E-03      -1  -0.493E-08   20.00
  10   -18.0000   -2141.935 0.0688   0.1274E-07  0.1612E-05  0.1465E-06  0.5685E-03      -1   0.138E-08   20.00
  11   -20.0000   -1965.503 0.0691   0.1624E-07  0.1837E-05  0.9756E-06  0.2846E-03      -1   0.919E-08   20.00
  12   -22.0000   -1889.982 0.0692   0.2116E-07  0.2022E-05  0.5387E-06  0.1333E-03      -1   0.508E-08   20.00
  13   -24.0000   -1853.156 0.0693   0.2363E-07  0.2113E-05  0.1812E-05  0.1158E-03      -1   0.171E-07   20.00
  14   -26.0000   -1640.663 0.0698   0.3782E-07  0.2643E-05  0.3038E-05  0.6683E-04      -1   0.286E-07   20.00
  15   -28.0000   -1513.510 0.0701   0.5300E-07  0.3061E-05  0.3524E-05  0.3347E-04      -1   0.332E-07   20.00
  16   -30.0000   -1386.487 0.0706   0.8160E-07  0.3681E-05  0.1981E-05  0.7911E-05      -1   0.187E-07   20.00
  17   -32.0000   -1390.522 0.0706   0.8069E-07  0.3661E-05  0.5569E-06  0.8219E-05      -1   0.525E-08   20.00
  18   -34.0000   -1356.380 0.0707   0.8838E-07  0.3828E-05  0.1026E-05  0.4069E-05      -1   0.967E-08   20.00
  19   -36.0000   -1339.015 0.0708   0.9229E-07  0.3912E-05  0.4747E-06  0.1763E-05      -1   0.447E-08   20.00
  20   -38.0000   -1331.532 0.0708   0.9398E-07  0.3949E-05  0.1407E-06  0.7851E-06      -1   0.133E-08   20.00
  21   -40.0000   -1328.980 0.0708   0.9455E-07  0.3961E-05 -0.2751E-07  0.8264E-07      -1  -0.259E-09   20.00
  22   -42.0000   -1328.694 0.0708   0.9462E-07  0.3963E-05 -0.8776E-07  0.1157E-07      -1  -0.827E-09   20.00
  23   -44.0000   -1328.691 0.0708   0.9462E-07  0.3963E-05 -0.9452E-07  0.2234E-08      -1  -0.891E-09   20.00
  24   -46.0000   -1328.690 0.0708   0.9462E-07  0.3963E-05 -0.9459E-07  0.2540E-08      -1  -0.891E-09   20.00
  25   -48.0000   -1328.690 0.0708   0.9462E-07  0.3963E-05 -0.9462E-07  0.2498E-08      -1  -0.892E-09   20.00
  26   -50.0000   -1328.690 0.0708   0.9462E-07  0.3963E-05 -0.9464E-07  0.2747E-08      -1  -0.892E-09   20.00
  27   -52.0000   -1328.691 0.0708   0.9462E-07  0.3963E-05 -0.9463E-07  0.1669E-08      -1  -0.892E-09   20.00
  28   -54.0000   -1328.690 0.0708   0.9462E-07  0.3963E-05 -0.9459E-07  0.0000E+00      -1  -0.892E-09   20.00
  29   -56.0000   -1328.690 0.0708   0.9462E-07  0.3963E-05 -0.9461E-07  0.0000E+00      -1  -0.892E-09   20.00
  30   -58.0000   -1328.690 0.0708   0.9462E-07  0.3963E-05 -0.9462E-07  0.0000E+00      -1  -0.892E-09   20.00
  31   -60.0000   -1328.690 0.0708   0.9462E-07  0.3963E-05 -0.9462E-07  0.0000E+00      -1  -0.892E-09   20.00
  32   -62.0000   -1328.690 0.0708   0.9462E-07  0.3963E-05 -0.9462E-07  0.0000E+00      -1  -0.892E-09   20.00
  33   -64.0000   -1328.690 0.0708   0.9462E-07  0.3963E-05 -0.9462E-07  0.0000E+00      -1  -0.892E-09   20.00
  34   -66.0000   -1328.690 0.0708   0.9462E-07  0.3963E-05 -0.9462E-07  0.0000E+00      -1  -0.892E-09   20.00
  35   -68.0000   -1328.690 0.0708   0.9462E-07  0.3963E-05 -0.9462E-07  0.0000E+00      -1  -0.892E-09   20.00
  36   -70.0000   -1328.690 0.0708   0.9462E-07  0.3963E-05 -0.9462E-07  0.0000E+00      -1  -0.892E-09   20.00
  37   -72.0000   -1328.690 0.0708   0.9462E-07  0.3963E-05 -0.9462E-07  0.0000E+00      -1  -0.892E-09   20.00
  38   -74.0000   -1328.690 0.0708   0.9462E-07  0.3963E-05 -0.9462E-07  0.0000E+00      -1  -0.892E-09   20.00
  39   -76.0000   -1328.690 0.0708   0.9462E-07  0.3963E-05 -0.9462E-07  0.0000E+00      -1  -0.892E-09   20.00
  40   -78.0000   -1328.690 0.0708   0.9462E-07  0.3963E-05 -0.9462E-07  0.0000E+00      -1  -0.892E-09   20.00
  41   -80.0000   -1328.690 0.0708   0.9462E-07  0.3963E-05 -0.9462E-07  0.0000E+00      -1  -0.892E-09   20.00
  42   -82.0000   -1328.690 0.0708   0.9462E-07  0.3963E-05 -0.9462E-07  0.0000E+00      -1  -0.892E-09   20.00
  43   -84.0000   -1328.690 0.0708   0.9462E-07  0.3963E-05 -0.9462E-07  0.0000E+00      -1  -0.892E-09   20.00
  44   -86.0000   -1328.690 0.0708   0.9462E-07  0.3963E-05 -0.9462E-07  0.0000E+00      -1  -0.892E-09   20.00
  45   -88.0000   -1328.690 0.0708   0.9462E-07  0.3963E-05 -0.9462E-07  0.0000E+00      -1  -0.892E-09   20.00
  46   -90.0000   -1328.690 0.0708   0.9462E-07  0.3963E-05 -0.9462E-07  0.0000E+00      -1  -0.892E-09   20.00
  47   -92.0000   -1328.690 0.0708   0.9462E-07  0.3963E-05 -0.9462E-07  0.0000E+00      -1  -0.892E-09   20.00
  48   -94.0000   -1328.690 0.0708   0.9462E-07  0.3963E-05 -0.9462E-07  0.0000E+00      -1  -0.892E-09   20.00
  49   -96.0000   -1328.690 0.0708   0.9462E-07  0.3963E-05 -0.9462E-07  0.0000E+00      -1  -0.892E-09   20.00
  50   -98.0000   -1328.690 0.0708   0.9462E-07  0.3963E-05 -0.9462E-07  0.0000E+00      -1  -0.892E-09   20.00
  51  -100.0000   -1328.690 0.0708   0.9462E-07  0.3963E-05 -0.9462E-07  0.0000E+00      -1  -0.892E-09   20.00
  52  -102.0000   -1328.690 0.0708   0.9462E-07  0.3963E-05 -0.9462E-07  0.0000E+00      -1  -0.892E-09   20.00
  53  -104.0000   -1328.690 0.0708   0.9462E-07  0.3963E-05 -0.9462E-07  0.0000E+00      -1  -0.892E-09   20.00
  54  -106.0000   -1328.690 0.0708   0.9462E-07  0.3963E-05 -0.9462E-07  0.0000E+00      -1  -0.892E-09   20.00
  55  -108.0000   -1328.690 0.0708   0.9462E-07  0.3963E-05 -0.9462E-07  0.0000E+00      -1  -0.892E-09   20.00
  56  -110.0000   -1328.690 0.0708   0.9462E-07  0.3963E-05 -0.9462E-07  0.0000E+00      -1  -0.892E-09   20.00
  57  -112.0000   -1328.690 0.0708   0.9462E-07  0.3963E-05 -0.9462E-07  0.0000E+00      -1  -0.892E-09   20.00
  58  -114.0000   -1328.690 0.0708   0.9462E-07  0.3963E-05 -0.9462E-07  0.0000E+00      -1  -0.892E-09   20.00
  59  -116.0000   -1328.690 0.0708   0.9462E-07  0.3963E-05 -0.9462E-07  0.0000E+00      -1  -0.892E-09   20.00
  60  -118.0000   -1328.690 0.0708   0.9462E-07  0.3963E-05 -0.9462E-07  0.0000E+00      -1  -0.892E-09   20.00
  61  -120.0000   -1328.690 0.0708   0.9462E-07  0.3963E-05 -0.9462E-07  0.0000E+00      -1  -0.892E-09   20.00
  62  -122.0000   -1328.690 0.0708   0.9462E-07  0.3963E-05 -0.9462E-07  0.0000E+00      -1  -0.892E-09   20.00
  63  -124.0000   -1328.690 0.0708   0.9462E-07  0.3963E-05 -0.9462E-07  0.0000E+00      -1  -0.892E-09   20.00
  64  -126.0000   -1328.690 0.0708   0.9462E-07  0.3963E-05 -0.9462E-07  0.0000E+00      -1  -0.892E-09   20.00
  65  -128.0000   -1328.690 0.0708   0.9462E-07  0.3963E-05 -0.9462E-07  0.0000E+00      -1  -0.892E-09   20.00
  66  -130.0000   -1328.690 0.0708   0.9462E-07  0.3963E-05 -0.9462E-07  0.0000E+00      -1  -0.892E-09   20.00
  67  -132.0000   -1328.690 0.0708   0.9462E-07  0.3963E-05 -0.9462E-07  0.0000E+00      -1  -0.892E-09   20.00
  68  -134.0000   -1328.690 0.0708   0.9462E-07  0.3963E-05 -0.9462E-07  0.0000E+00      -1  -0.892E-09   20.00
  69  -136.0000   -1328.690 0.0708   0.9462E-07  0.3963E-05 -0.9462E-07  0.0000E+00      -1  -0.892E-09   20.00
  70  -138.0000   -1328.690 0.0708   0.9462E-07  0.3963E-05 -0.9462E-07  0.0000E+00      -1  -0.892E-09   20.00
  71  -140.0000   -1328.690 0.0708   0.9462E-07  0.3963E-05 -0.9462E-07  0.0000E+00      -1  -0.892E-09   20.00
  72  -142.0000   -1328.690 0.0708   0.9462E-07  0.3963E-05 -0.9462E-07  0.0000E+00      -1  -0.892E-09   20.00
  73  -144.0000   -1328.690 0.0708   0.9462E-07  0.3963E-05 -0.9462E-07  0.0000E+00      -1  -0.892E-09   20.00
  74  -146.0000   -1328.690 0.0708   0.9462E-07  0.3963E-05 -0.9462E-07  0.0000E+00      -1  -0.892E-09   20.00
  75  -148.0000   -1328.690 0.0708   0.9462E-07  0.3963E-05 -0.9462E-07  0.0000E+00      -1  -0.892E-09   20.00
  76  -150.0000   -1328.690 0.0708   0.9462E-07  0.3963E-05 -0.9462E-07  0.0000E+00      -1  -0.892E-09   20.00
  77  -152.0000   -1328.690 0.0708   0.9462E-07  0.3963E-05 -0.9462E-07  0.0000E+00      -1  -0.892E-09   20.00
  78  -154.0000   -1328.690 0.0708   0.9462E-07  0.3963E-05 -0.9462E-07  0.0000E+00      -1  -0.892E-09   20.00
  79  -156.0000   -1328.690 0.0708   0.9462E-07  0.3963E-05 -0.9462E-07  0.0000E+00      -1  -0.892E-09   20.00
  80  -158.0000   -1328.690 0.0708   0.9462E-07  0.3963E-05 -0.9462E-07  0.0000E+00      -1  -0.892E-09   20.00
  81  -160.0000   -1328.690 0.0708   0.9462E-07  0.3963E-05 -0.9462E-07  0.0000E+00      -1  -0.892E-09   20.00
  82  -162.0000   -1328.690 0.0708   0.9462E-07  0.3963E-05 -0.9462E-07  0.0000E+00      -1  -0.892E-09   20.00
  83  -164.0000   -1328.690 0.0708   0.9462E-07  0.3963E-05 -0.9462E-07  0.0000E+00      -1  -0.892E-09   20.00
  84  -166.0000   -1328.690 0.0708   0.9462E-07  0.3963E-05 -0.9462E-07  0.0000E+00      -1  -0.892E-09   20.00
  85  -168.0000   -1328.690 0.0708   0.9462E-07  0.3963E-05 -0.9462E-07  0.0000E+00      -1  -0.892E-09   20.00
  86  -170.0000   -1328.690 0.0708   0.9462E-07  0.3963E-05 -0.9462E-07  0.0000E+00      -1  -0.892E-09   20.00
  87  -172.0000   -1328.690 0.0708   0.9462E-07  0.3963E-05 -0.9462E-07  0.0000E+00      -1  -0.892E-09   20.00
  88  -174.0000   -1328.690 0.0708   0.9462E-07  0.3963E-05 -0.9462E-07  0.0000E+00      -1  -0.892E-09   20.00
  89  -176.0000   -1328.690 0.0708   0.9462E-07  0.3963E-05 -0.9462E-07  0.0000E+00      -1  -0.892E-09   20.00
  90  -178.0000   -1328.690 0.0708   0.9462E-07  0.3963E-05 -0.9462E-07  0.0000E+00      -1  -0.892E-09   20.00
  91  -180.0000   -1328.690 0.0708   0.9462E-07  0.3963E-05 -0.9462E-07  0.0000E+00      -1  -0.892E-09   20.00
  92  -182.0000   -1328.690 0.0708   0.9462E-07  0.3963E-05 -0.9462E-07  0.0000E+00      -1  -0.892E-09   20.00
  93  -184.0000   -1328.690 0.0708   0.9462E-07  0.3963E-05 -0.9462E-07  0.0000E+00      -1  -0.892E-09   20.00
  94  -186.0000   -1328.690 0.0708   0.9462E-07  0.3963E-05 -0.9462E-07  0.0000E+00      -1  -0.892E-09   20.00
  95  -188.0000   -1328.690 0.0708   0.9462E-07  0.3963E-05 -0.9462E-07  0.0000E+00      -1  -0.892E-09   20.00
  96  -190.0000   -1328.690 0.0708   0.9462E-07  0.3963E-05 -0.9462E-07  0.0000E+00      -1  -0.892E-09   20.00
  97  -192.0000   -1328.690 0.0708   0.9462E-07  0.3963E-05 -0.9462E-07  0.0000E+00      -1  -0.892E-09   20.00
  98  -194.0000   -1328.690 0.0708   0.9462E-07  0.3963E-05 -0.9462E-07  0.0000E+00      -1  -0.892E-09   20.00
  99  -196.0000   -1328.690 0.0708   0.9462E-07  0.3963E-05 -0.9462E-07  0.0000E+00      -1  -0.892E-09   20.00
 100  -198.0000   -1328.690 0.0708   0.9462E-07  0.3963E-05 -0.9462E-07  0.0000E+00      -1  -0.892E-09   20.00
 101  -200.0000   -1328.690 0.0708   0.9462E-07  0.3963E-05 -0.9462E-07  0.0000E+00      -1  -0.892E-09   20.00
end


 Time:        1.0000


 Node      Depth      Head Moisture       K          C         Flux        Sink         Kappa   v/KsTop   Temp
           [L]        [L]    [-]        [L/T]      [1/L]      [L/T]        [1/T]         [-]      [-]      [C]

   1     0.0000   -1359.297 0.0707   0.8772E-07  0.3813E-05 -0.2068E-07  0.0000E+00      -1  -0.195E-09   20.00
   2    -2.0000   -1888.566 0.0692   0.2126E-07  0.2025E-05 -0.7175E-05  0.8495E-04      -1  -0.676E-07   20.00
   3    -4.0000   -1875.009 0.0693   0.2217E-07  0.2059E-05  0.2305E-06  0.7267E-04      -1   0.217E-08   20.00
   4    -6.0000   -1844.074 0.0693   0.2423E-07  0.2136E-05 -0.3346E-06  0.6277E-04      -1  -0.315E-08   20.00
   5    -8.0000   -1937.231 0.0691   0.1801E-07  0.1904E-05 -0.1354E-05  0.1511E-03      -1  -0.128E-07   20.00
   6   -10.0000   -2159.257 0.0688   0.1239E-07  0.1590E-05 -0.5859E-06  0.4465E-03      -1  -0.552E-08   20.00
   7   -12.0000   -2076.884 0.0689   0.1403E-07  0.1695E-05  0.3433E-06  0.3486E-03      -1   0.324E-08   20.00
   8   -14.0000   -2053.064 0.0689   0.1450E-07  0.1725E-05  0.3182E-07  0.3225E-03      -1   0.300E-09   20.00
   9   -16.0000   -2063.846 0.0689   0.1429E-07  0.1711E-05 -0.5958E-06  0.3403E-03      -1  -0.562E-08   20.00
  10   -18.0000   -2236.787 0.0687   0.1086E-07  0.1491E-05  0.1719E-06  0.5504E-03      -1   0.162E-08   20.00
  11   -20.0000   -2013.864 0.0690   0.1528E-07  0.1775E-05  0.1197E-05  0.2865E-03      -1   0.113E-07   20.00
  12   -22.0000   -1904.730 0.0692   0.2018E-07  0.1985E-05  0.6731E-06  0.1373E-03      -1   0.634E-08   20.00
  13   -24.0000   -1865.803 0.0693   0.2278E-07  0.2082E-05  0.1819E-05  0.1194E-03      -1   0.171E-07   20.00
  14   -26.0000   -1648.063 0.0698   0.3733E-07  0.2625E-05  0.3083E-05  0.6884E-04      -1   0.291E-07   20.00
  15   -28.0000   -1515.848 0.0701   0.5247E-07  0.3049E-05  0.3581E-05  0.3450E-04      -1   0.338E-07   20.00
  16   -30.0000   -1387.208 0.0706   0.8144E-07  0.3677E-05  0.2001E-05  0.8146E-05      -1   0.189E-07   20.00
  17   -32.0000   -1391.048 0.0706   0.8057E-07  0.3658E-05  0.5647E-06  0.8464E-05      -1   0.532E-08   20.00
  18   -34.0000   -1356.694 0.0707   0.8831E-07  0.3826E-05  0.1034E-05  0.4189E-05      -1   0.974E-08   20.00
  19   -36.0000   -1339.154 0.0708   0.9226E-07  0.3912E-05  0.4802E-06  0.1815E-05      -1   0.453E-08   20.00
  20   -38.0000   -1331.595 0.0708   0.9396E-07  0.3949E-05  0.1436E-06  0.8081E-06      -1   0.135E-08   20.00
  21   -40.0000   -1328.990 0.0708   0.9455E-07  0.3961E-05 -0.2600E-07  0.8505E-07      -1  -0.245E-09   20.00
  22   -42.0000   -1328.693 0.0708   0.9462E-07  0.3963E-05 -0.8748E-07  0.1191E-07      -1  -0.825E-09   20.00
  23   -44.0000   -1328.690 0.0708   0.9462E-07  0.3963E-05 -0.9456E-07  0.2300E-08      -1  -0.891E-09   20.00
  24   -46.0000   -1328.690 0.0708   0.9462E-07  0.3963E-05 -0.9463E-07  0.2614E-08      -1  -0.892E-09   20.00
  25   -48.0000   -1328.690 0.0708   0.9462E-07  0.3963E-05 -0.9462E-07  0.2571E-08      -1  -0.892E-09   20.00
  26   -50.0000   -1328.690 0.0708   0.9462E-07  0.3963E-05 -0.9461E-07  0.2828E-08      -1  -0.892E-09   20.00
  27   -52.0000   -1328.690 0.0708   0.9462E-07  0.3963E-05 -0.9463E-07  0.1719E-08      -1  -0.892E-09   20.00
  28   -54.0000   -1328.691 0.0708   0.9462E-07  0.3963E-05 -0.9462E-07  0.0000E+00      -1  -0.892E-09   20.00
  29   -56.0000   -1328.690 0.0708   0.9462E-07  0.3963E-05 -0.9459E-07  0.0000E+00      -1  -0.892E-09   20.00
  30   -58.0000   -1328.690 0.0708   0.9462E-07  0.3963E-05 -0.9461E-07  0.0000E+00      -1  -0.892E-09   20.00
  31   -60.0000   -1328.690 0.0708   0.9462E-07  0.3963E-05 -0.9462E-07  0.0000E+00      -1  -0.892E-09   20.00
  32   -62.0000   -1328.690 0.0708   0.9462E-07  0.3963E-05 -0.9462E-07  0.0000E+00      -1  -0.892E-09   20.00
  33   -64.0000   -1328.690 0.0708   0.9462E-07  0.3963E-05 -0.9462E-07  0.0000E+00      -1  -0.892E-09   20.00
  34   -66.0000   -1328.690 0.0708   0.9462E-07  0.3963E-05 -0.9462E-07  0.0000E+00      -1  -0.892E-09   20.00
  35   -68.0000   -1328.690 0.0708   0.9462E-07  0.3963E-05 -0.9462E-07  0.0000E+00      -1  -0.892E-09   20.00
  36   -70.0000   -1328.690 0.0708   0.9462E-07  0.3963E-05 -0.9462E-07  0.0000E+00      -1  -0.892E-09   20.00
  37   -72.0000   -1328.690 0.0708   0.9462E-07  0.3963E-05 -0.9462E-07  0.0000E+00      -1  -0.892E-09   20.00
  38   -74.0000   -1328.690 0.0708   0.9462E-07  0.3963E-05 -0.9462E-07  0.0000E+00      -1  -0.892E-09   20.00
  39   -76.0000   -1328.690 0.0708   0.9462E-07  0.3963E-05 -0.9462E-07  0.0000E+00      -1  -0.892E-09   20.00
  40   -78.0000   -1328.690 0.0708   0.9462E-07  0.3963E-05 -0.9462E-07  0.0000E+00      -1  -0.892E-09   20.00
  41   -80.0000   -1328.690 0.0708   0.9462E-07  0.3963E-05 -0.9462E-07  0.0000E+00      -1  -0.892E-09   20.00
  42   -82.0000   -1328.690 0.0708   0.9462E-07  0.3963E-05 -0.9462E-07  0.0000E+00      -1  -0.892E-09   20.00
  43   -84.0000   -1328.690 0.0708   0.9462E-07  0.3963E-05 -0.9462E-07  0.0000E+00      -1  -0.892E-09   20.00
  44   -86.0000   -1328.690 0.0708   0.9462E-07  0.3963E-05 -0.9462E-07  0.0000E+00      -1  -0.892E-09   20.00
  45   -88.0000   -1328.690 0.0708   0.9462E-07  0.3963E-05 -0.9462E-07  0.0000E+00      -1  -0.892E-09   20.00
  46   -90.0000   -1328.690 0.0708   0.9462E-07  0.3963E-05 -0.9462E-07  0.0000E+00      -1  -0.892E-09   20.00
  47   -92.0000   -1328.690 0.0708   0.9462E-07  0.3963E-05 -0.9462E-07  0.0000E+00      -1  -0.892E-09   20.00
  48   -94.0000   -1328.690 0.0708   0.9462E-07  0.3963E-05 -0.9462E-07  0.0000E+00      -1  -0.892E-09   20.00
  49   -96.0000   -1328.690 0.0708   0.9462E-07  0.3963E-05 -0.9462E-07  0.0000E+00      -1  -0.892E-09   20.00
  50   -98.0000   -1328.690 0.0708   0.9462E-07  0.3963E-05 -0.9462E-07  0.0000E+00      -1  -0.892E-09   20.00
  51  -100.0000   -1328.690 0.0708   0.9462E-07  0.3963E-05 -0.9462E-07  0.0000E+00      -1  -0.892E-09   20.00
  52  -102.0000   -1328.690 0.0708   0.9462E-07  0.3963E-05 -0.9462E-07  0.0000E+00      -1  -0.892E-09   20.00
  53  -104.0000   -1328.690 0.0708   0.9462E-07  0.3963E-05 -0.9462E-07  0.0000E+00      -1  -0.892E-09   20.00
  54  -106.0000   -1328.690 0.0708   0.9462E-07  0.3963E-05 -0.9462E-07  0.0000E+00      -1  -0.892E-09   20.00
  55  -108.0000   -1328.690 0.0708   0.9462E-07  0.3963E-05 -0.9462E-07  0.0000E+00      -1  -0.892E-09   20.00
  56  -110.0000   -1328.690 0.0708   0.9462E-07  0.3963E-05 -0.9462E-07  0.0000E+00      -1  -0.892E-09   20.00
  57  -112.0000   -1328.690 0.0708   0.9462E-07  0.3963E-05 -0.9462E-07  0.0000E+00      -1  -0.892E-09   20.00
  58  -114.0000   -1328.690 0.0708   0.9462E-07  0.3963E-05 -0.9462E-07  0.0000E+00      -1  -0.892E-09   20.00
  59  -116.0000   -1328.690 0.0708   0.9462E-07  0.3963E-05 -0.9462E-07  0.0000E+00      -1  -0.892E-09   20.00
  60  -118.0000   -1328.690 0.0708   0.9462E-07  0.3963E-05 -0.9462E-07  0.0000E+00      -1  -0.892E-09   20.00
  61  -120.0000   -1328.690 0.0708   0.9462E-07  0.3963E-05 -0.9462E-07  0.0000E+00      -1  -0.892E-09   20.00
  62  -122.0000   -1328.690 0.0708   0.9462E-07  0.3963E-05 -0.9462E-07  0.0000E+00      -1  -0.892E-09   20.00
  63  -124.0000   -1328.690 0.0708   0.9462E-07  0.3963E-05 -0.9462E-07  0.0000E+00      -1  -0.892E-09   20.00
  64  -126.0000   -1328.690 0.0708   0.9462E-07  0.3963E-05 -0.9462E-07  0.0000E+00      -1  -0.892E-09   20.00
  65  -128.0000   -1328.690 0.0708   0.9462E-07  0.3963E-05 -0.9462E-07  0.0000E+00      -1  -0.892E-09   20.00
  66  -130.0000   -1328.690 0.0708   0.9462E-07  0.3963E-05 -0.9462E-07  0.0000E+00      -1  -0.892E-09   20.00
  67  -132.0000   -1328.690 0.0708   0.9462E-07  0.3963E-05 -0.9462E-07  0.0000E+00      -1  -0.892E-09   20.00
  68  -134.0000   -1328.690 0.0708   0.9462E-07  0.3963E-05 -0.9462E-07  0.0000E+00      -1  -0.892E-09   20.00
  69  -136.0000   -1328.690 0.0708   0.9462E-07  0.3963E-05 -0.9462E-07  0.0000E+00      -1  -0.892E-09   20.00
  70  -138.0000   -1328.690 0.0708   0.9462E-07  0.3963E-05 -0.9462E-07  0.0000E+00      -1  -0.892E-09   20.00
  71  -140.0000   -1328.690 0.0708   0.9462E-07  0.3963E-05 -0.9462E-07  0.0000E+00      -1  -0.892E-09   20.00
  72  -142.0000   -1328.690 0.0708   0.9462E-07  0.3963E-05 -0.9462E-07  0.0000E+00      -1  -0.892E-09   20.00
  73  -144.0000   -1328.690 0.0708   0.9462E-07  0.3963E-05 -0.9462E-07  0.0000E+00      -1  -0.892E-09   20.00
  74  -146.0000   -1328.690 0.0708   0.9462E-07  0.3963E-05 -0.9462E-07  0.0000E+00      -1  -0.892E-09   20.00
  75  -148.0000   -1328.690 0.0708   0.9462E-07  0.3963E-05 -0.9462E-07  0.0000E+00      -1  -0.892E-09   20.00
  76  -150.0000   -1328.690 0.0708   0.9462E-07  0.3963E-05 -0.9462E-07  0.0000E+00      -1  -0.892E-09   20.00
  77  -152.0000   -1328.690 0.0708   0.9462E-07  0.3963E-05 -0.9462E-07  0.0000E+00      -1  -0.892E-09   20.00
  78  -154.0000   -1328.690 0.0708   0.9462E-07  0.3963E-05 -0.9462E-07  0.0000E+00      -1  -0.892E-09   20.00
  79  -156.0000   -1328.690 0.0708   0.9462E-07  0.3963E-05 -0.9462E-07  0.0000E+00      -1  -0.892E-09   20.00
  80  -158.0000   -1328.690 0.0708   0.9462E-07  0.3963E-05 -0.9462E-07  0.0000E+00      -1  -0.892E-09   20.00
  81  -160.0000   -1328.690 0.0708   0.9462E-07  0.3963E-05 -0.9462E-07  0.0000E+00      -1  -0.892E-09   20.00
  82  -162.0000   -1328.690 0.0708   0.9462E-07  0.3963E-05 -0.9462E-07  0.0000E+00      -1  -0.892E-09   20.00
  83  -164.0000   -1328.690 0.0708   0.9462E-07  0.3963E-05 -0.9462E-07  0.0000E+00      -1  -0.892E-09   20.00
  84  -166.0000   -1328.690 0.0708   0.9462E-07  0.3963E-05 -0.9462E-07  0.0000E+00      -1  -0.892E-09   20.00
  85  -168.0000   -1328.690 0.0708   0.9462E-07  0.3963E-05 -0.9462E-07  0.0000E+00      -1  -0.892E-09   20.00
  86  -170.0000   -1328.690 0.0708   0.9462E-07  0.3963E-05 -0.9462E-07  0.0000E+00      -1  -0.892E-09   20.00
  87  -172.0000   -1328.690 0.0708   0.9462E-07  0.3963E-05 -0.9462E-07  0.0000E+00      -1  -0.892E-09   20.00
  88  -174.0000   -1328.690 0.0708   0.9462E-07  0.3963E-05 -0.9462E-07  0.0000E+00      -1  -0.892E-09   20.00
  89  -176.0000   -1328.690 0.0708   0.9462E-07  0.3963E-05 -0.9462E-07  0.0000E+00      -1  -0.892E-09   20.00
  90  -178.0000   -1328.690 0.0708   0.9462E-07  0.3963E-05 -0.9462E-07  0.0000E+00      -1  -0.892E-09   20.00
  91  -180.0000   -1328.690 0.0708   0.9462E-07  0.3963E-05 -0.9462E-07  0.0000E+00      -1  -0.892E-09   20.00
  92  -182.0000   -1328.690 0.0708   0.9462E-07  0.3963E-05 -0.9462E-07  0.0000E+00      -1  -0.892E-09   20.00
  93  -184.0000   -1328.690 0.0708   0.9462E-07  0.3963E-05 -0.9462E-07  0.0000E+00      -1  -0.892E-09   20.00
  94  -186.0000   -1328.690 0.0708   0.9462E-07  0.3963E-05 -0.9462E-07  0.0000E+00      -1  -0.892E-09   20.00
  95  -188.0000   -1328.690 0.0708   0.9462E-07  0.3963E-05 -0.9462E-07  0.0000E+00      -1  -0.892E-09   20.00
  96  -190.0000   -1328.690 0.0708   0.9462E-07  0.3963E-05 -0.9462E-07  0.0000E+00      -1  -0.892E-09   20.00
  97  -192.0000   -1328.690 0.0708   0.9462E-07  0.3963E-05 -0.9462E-07  0.0000E+00      -1  -0.892E-09   20.00
  98  -194.0000   -1328.690 0.0708   0.9462E-07  0.3963E-05 -0.9462E-07  0.0000E+00      -1  -0.892E-09   20.00
  99  -196.0000   -1328.690 0.0708   0.9462E-07  0.3963E-05 -0.9462E-07  0.0000E+00      -1  -0.892E-09   20.00
 100  -198.0000   -1328.690 0.0708   0.9462E-07  0.3963E-05 -0.9462E-07  0.0000E+00      -1  -0.892E-09   20.00
 101  -200.0000   -1328.690 0.0708   0.9462E-07  0.3963E-05 -0.9462E-07  0.0000E+00      -1  -0.892E-09   20.00
end
